<?xml version="1.0" encoding="UTF-8"?>
<!-- Generated by org.testng.reporters.JUnitReportReporter -->
<testsuite hostname="DESKTOP-G846DJ5" failures="0" tests="5" name="com.jira.EndToEndScript" time="3.284" errors="0" timestamp="2024-02-13T14:24:43 EST" skipped="0">
  <testcase classname="com.jira.EndToEndScript" name="loginWithUNPass" time="1.096"/>
  <testcase classname="com.jira.EndToEndScript" name="getIssue" time="1.184"/>
  <testcase classname="com.jira.EndToEndScript" name="PostComment" time="0.559"/>
  <testcase classname="com.jira.EndToEndScript" name="getComment" time="0.084"/>
  <testcase classname="com.jira.EndToEndScript" name="DeleteComment" time="0.361"/>
</testsuite> <!-- com.jira.EndToEndScript -->
