<?xml version="1.0" encoding="UTF-8"?>
<!-- Generated by org.testng.reporters.JUnitReportReporter -->
<testsuite hostname="DESKTOP-G846DJ5" failures="0" tests="2" name="com.test.PetApi" time="2.181" errors="0" timestamp="2024-02-16T16:17:26 EST" skipped="0">
  <testcase classname="com.test.PetApi" name="PostData" time="2.054"/>
  <testcase classname="com.test.PetApi" name="getData" time="0.127"/>
</testsuite> <!-- com.test.PetApi -->
