<?xml version="1.0" encoding="UTF-8"?>
<!-- Generated by org.testng.reporters.JUnitReportReporter -->
<testsuite hostname="DESKTOP-G846DJ5" failures="0" tests="3" name="com.test.PetApi" time="0.889" errors="0" timestamp="2024-04-26T16:27:43 EDT" skipped="0">
  <testcase classname="com.test.PetApi" name="PostUSerCreation" time="0.774"/>
  <testcase classname="com.test.PetApi" name="PostGetData" time="0.064"/>
  <testcase classname="com.test.PetApi" name="PostDelete" time="0.051"/>
</testsuite> <!-- com.test.PetApi -->
