<?xml version="1.0" encoding="UTF-8"?>
<!-- Generated by org.testng.reporters.JUnitReportReporter -->
<testsuite hostname="DESKTOP-G846DJ5" failures="0" tests="3" name="com.test.PetApi" time="1.271" errors="0" timestamp="2024-04-22T22:27:31 EDT" skipped="0">
  <testcase classname="com.test.PetApi" name="PostUSerCreation" time="0.061"/>
  <testcase classname="com.test.PetApi" name="PostData" time="1.122"/>
  <testcase classname="com.test.PetApi" name="getData" time="0.088"/>
</testsuite> <!-- com.test.PetApi -->
