<?xml version="1.0" encoding="UTF-8"?>
<!-- Generated by org.testng.reporters.JUnitReportReporter -->
<testsuite hostname="DESKTOP-G846DJ5" failures="0" tests="2" name="com.test.PetApi" time="0.675" errors="0" timestamp="2024-02-29T23:52:56 EST" skipped="0">
  <testcase classname="com.test.PetApi" name="PostData" time="0.590"/>
  <testcase classname="com.test.PetApi" name="getData" time="0.085"/>
</testsuite> <!-- com.test.PetApi -->
