<?xml version="1.0" encoding="UTF-8"?>
<!-- Generated by org.testng.reporters.JUnitReportReporter -->
<testsuite hostname="DESKTOP-G846DJ5" failures="0" tests="2" name="Smoke.LoginTest" time="2.643" errors="0" timestamp="2024-02-16T15:18:16 EST" skipped="0">
  <testcase classname="Smoke.LoginTest" name="LoginWithInCorrectCreadential" time="2.324"/>
  <system-out/>
  <testcase classname="Smoke.LoginTest" name="LoginWithCorrectCreadential" time="0.319"/>
  <system-out/>
</testsuite> <!-- Smoke.LoginTest -->
